This file contains any messages produced by compilers while
running configure, to aid debugging if configure makes a mistake.

It was created by magit configure 0.8.2, which was
generated by GNU Autoconf 2.65.  Invocation command line was

  $ ./configure --prefix=/c/home/.emacs.d/

## --------- ##
## Platform. ##
## --------- ##

hostname = RPC853
uname -m = i686
uname -r = 1.0.12(0.46/3/2)
uname -s = MINGW32_NT-6.0
uname -v = 2010-02-05 01:08

/usr/bin/uname -p = unknown
/bin/uname -X     = unknown

/bin/arch              = unknown
/usr/bin/arch -k       = unknown
/usr/convex/getsysinfo = unknown
/usr/bin/hostinfo      = unknown
/bin/machine           = unknown
/usr/bin/oslevel       = unknown
/bin/universe          = unknown

PATH: /c/home/bin
PATH: .
PATH: /usr/local/bin
PATH: /mingw/bin
PATH: /bin
PATH: /c/Program Files/Windows Resource Kits/Tools/
PATH: /c/program files/imagemagick-6.2.8-q16
PATH: /c/Program Files/Common Files/Microsoft Shared/Windows Live
PATH: /c/Windows/system32
PATH: /c/Windows
PATH: /c/Windows/System32/Wbem
PATH: /c/Program Files/Microsoft SQL Server/100/Tools/Binn/
PATH: /c/Program Files/Microsoft SQL Server/100/DTS/Binn/
PATH: /c/strawberry/c/bin
PATH: /c/strawberry/perl/bin
PATH: /c/Windows/System32/WindowsPowerShell/v1.0
PATH: /c/condor/bin
PATH: /c/emacs/22.2/bin
PATH: /c/android-sdk-windows/tools
PATH: /c/Python26
PATH: /c/MinGW
PATH: /c/Program Files/QuickTime/QTSystem/
PATH: /


## ----------- ##
## Core tests. ##
## ----------- ##

configure:1713: checking for a BSD-compatible install
configure:1781: result: ./install-sh -c
configure:1792: checking whether build environment is sane
configure:1842: result: yes
configure:1983: checking for a thread-safe mkdir -p
configure:2022: result: /bin/mkdir -p
configure:2035: checking for gawk
configure:2051: found /bin/gawk
configure:2062: result: gawk
configure:2073: checking whether make sets $(MAKE)
configure:2099: result: no
configure:2328: creating ./config.status

## ---------------------- ##
## Running config.status. ##
## ---------------------- ##

This file was extended by magit config.status 0.8.2, which was
generated by GNU Autoconf 2.65.  Invocation command line was

  CONFIG_FILES    = 
  CONFIG_HEADERS  = 
  CONFIG_LINKS    = 
  CONFIG_COMMANDS = 
  $ ./config.status 

on RPC853

config.status:744: creating Makefile
config.status:744: creating magit-pkg.el
config.status:744: creating magit.spec

## ---------------- ##
## Cache variables. ##
## ---------------- ##

ac_cv_env_build_alias_set=
ac_cv_env_build_alias_value=
ac_cv_env_host_alias_set=
ac_cv_env_host_alias_value=
ac_cv_env_target_alias_set=
ac_cv_env_target_alias_value=
ac_cv_path_mkdir=/bin/mkdir
ac_cv_prog_AWK=gawk
ac_cv_prog_make_make_set=no

## ----------------- ##
## Output variables. ##
## ----------------- ##

ACLOCAL='${SHELL} /c/home/.emacs.d/magit-0.8.2/missing --run aclocal-1.11'
AMTAR='${SHELL} /c/home/.emacs.d/magit-0.8.2/missing --run tar'
AUTOCONF='${SHELL} /c/home/.emacs.d/magit-0.8.2/missing --run autoconf'
AUTOHEADER='${SHELL} /c/home/.emacs.d/magit-0.8.2/missing --run autoheader'
AUTOMAKE='${SHELL} /c/home/.emacs.d/magit-0.8.2/missing --run automake-1.11'
AWK='gawk'
CYGPATH_W='echo'
DEFS='-DPACKAGE_NAME=\"magit\" -DPACKAGE_TARNAME=\"magit\" -DPACKAGE_VERSION=\"0.8.2\" -DPACKAGE_STRING=\"magit\ 0.8.2\" -DPACKAGE_BUGREPORT=\"\" -DPACKAGE_URL=\"\" -DPACKAGE=\"magit\" -DVERSION=\"0.8.2\"'
ECHO_C=''
ECHO_N='-n'
ECHO_T=''
INSTALL_DATA='${INSTALL} -m 644'
INSTALL_PROGRAM='${INSTALL}'
INSTALL_SCRIPT='${INSTALL}'
INSTALL_STRIP_PROGRAM='$(install_sh) -c -s'
LIBOBJS=''
LIBS=''
LTLIBOBJS=''
MAKEINFO='${SHELL} /c/home/.emacs.d/magit-0.8.2/missing --run makeinfo'
MKDIR_P='/bin/mkdir -p'
PACKAGE='magit'
PACKAGE_BUGREPORT=''
PACKAGE_NAME='magit'
PACKAGE_STRING='magit 0.8.2'
PACKAGE_TARNAME='magit'
PACKAGE_URL=''
PACKAGE_VERSION='0.8.2'
PATH_SEPARATOR=':'
SET_MAKE='MAKE=make'
SHELL='/bin/sh'
SITESTART='$(sysconfdir)/emacs/site-start.d'
STRIP=''
VERSION='0.8.2'
am__isrc=''
am__leading_dot='.'
am__tar='${AMTAR} chof - "$$tardir"'
am__untar='${AMTAR} xf -'
bindir='${exec_prefix}/bin'
build_alias=''
datadir='${datarootdir}'
datarootdir='${prefix}/share'
docdir='${datarootdir}/doc/${PACKAGE_TARNAME}'
dvidir='${docdir}'
exec_prefix='${prefix}'
host_alias=''
htmldir='${docdir}'
includedir='${prefix}/include'
infodir='${datarootdir}/info'
install_sh='${SHELL} /c/home/.emacs.d/magit-0.8.2/install-sh'
libdir='${exec_prefix}/lib'
libexecdir='${exec_prefix}/libexec'
localedir='${datarootdir}/locale'
localstatedir='${prefix}/var'
mandir='${datarootdir}/man'
mkdir_p='/bin/mkdir -p'
oldincludedir='/usr/include'
pdfdir='${docdir}'
prefix='/c/home/.emacs.d'
program_transform_name='s,x,x,'
psdir='${docdir}'
sbindir='${exec_prefix}/sbin'
sharedstatedir='${prefix}/com'
sysconfdir='${prefix}/etc'
target_alias=''

## ----------- ##
## confdefs.h. ##
## ----------- ##

/* confdefs.h */
#define PACKAGE_NAME "magit"
#define PACKAGE_TARNAME "magit"
#define PACKAGE_VERSION "0.8.2"
#define PACKAGE_STRING "magit 0.8.2"
#define PACKAGE_BUGREPORT ""
#define PACKAGE_URL ""
#define PACKAGE "magit"
#define VERSION "0.8.2"

configure: exit 0
